This file contains any messages produced by compilers while
running configure, to aid debugging if configure makes a mistake.

It was created by expat configure 2.5.0, which was
generated by GNU Autoconf 2.71.  Invocation command line was

  $ ./configure --prefix=/usr --sysconfdir=/etc --localstatedir=/var --runstatedir=/run --enable-user-session --disable-doxygen-docs --disable-xml-docs --disable-static --with-systemduserunitdir=no --with-systemdsystemunitdir=no --docdir=/usr/share/doc/dbus-1.14.4 --with-system-socket=/run/dbus/system_bus_socket

## --------- ##
## Platform. ##
## --------- ##

hostname = mapxu
uname -m = x86_64
uname -r = 5.10.102.1-microsoft-standard-WSL2
uname -s = Linux
uname -v = #1 SMP Wed Mar 2 00:30:59 UTC 2022

/usr/bin/uname -p = x86_64
/bin/uname -X     = unknown

/bin/arch              = x86_64
/usr/bin/arch -k       = unknown
/usr/convex/getsysinfo = unknown
/usr/bin/hostinfo      = unknown
/bin/machine           = unknown
/usr/bin/oslevel       = unknown
/bin/universe          = unknown

PATH: /home/mapxu/.cargo/bin/
PATH: /usr/local/sbin/
PATH: /usr/local/bin/
PATH: /usr/sbin/
PATH: /usr/bin/
PATH: /sbin/
PATH: /bin/
PATH: /usr/games/
PATH: /usr/local/games/
PATH: /usr/lib/wsl/lib/
PATH: /mnt/c/Program Files/Eclipse Foundation/jdk-8.0.302.8-hotspot/bin/
PATH: /mnt/c/Program Files (x86)/Microsoft SDKs/Azure/CLI2/wbin/
PATH: /mnt/c/WINDOWS/system32/
PATH: /mnt/c/WINDOWS/
PATH: /mnt/c/WINDOWS/System32/Wbem/
PATH: /mnt/c/WINDOWS/System32/WindowsPowerShell/v1.0/
PATH: /mnt/c/WINDOWS/System32/OpenSSH/
PATH: /mnt/c/Program Files/Git/cmd/
PATH: /mnt/c/Program Files/Microsoft SQL Server/130/Tools/Binn/
PATH: /mnt/c/Program Files/Microsoft SQL Server/Client SDK/ODBC/170/Tools/Binn/
PATH: /mnt/c/Program Files (x86)/p-nand-q.com/GTools/
PATH: /mnt/c/Program Files/docfx/
PATH: /mnt/c/Program Files/dotnet/
PATH: /mnt/c/WINDOWS/system32/
PATH: /mnt/c/WINDOWS/
PATH: /mnt/c/WINDOWS/System32/Wbem/
PATH: /mnt/c/WINDOWS/System32/WindowsPowerShell/v1.0/
PATH: /mnt/c/WINDOWS/System32/OpenSSH/
PATH: /mnt/c/Program Files/Docker/Docker/resources/bin/
PATH: /mnt/c/Users/mapxu/.cargo/bin/
PATH: /mnt/c/Users/mapxu/AppData/Local/CloudBuild/
PATH: /mnt/c/Users/mapxu/AppData/Local/Microsoft/WindowsApps/
PATH: /mnt/c/Users/mapxu/AppData/Local/Programs/Microsoft VS Code/bin/
PATH: /mnt/c/Users/mapxu/.dotnet/tools/
PATH: /mnt/c/Users/mapxu/AppData/Local/Microsoft/WindowsApps/
PATH: /snap/bin/


## ----------- ##
## Core tests. ##
## ----------- ##

configure:3070: looking for aux files: ltmain.sh compile ar-lib missing install-sh config.guess config.sub
configure:3083:  trying ./conftools/
configure:3112:   ./conftools/ltmain.sh found
configure:3112:   ./conftools/compile found
configure:3112:   ./conftools/ar-lib found
configure:3112:   ./conftools/missing found
configure:3094:   ./conftools/install-sh found
configure:3112:   ./conftools/config.guess found
configure:3112:   ./conftools/config.sub found
configure:3235: checking build system type
configure:3250: result: x86_64-pc-linux-gnu
configure:3270: checking host system type
configure:3284: result: x86_64-pc-linux-gnu
configure:3321: checking for a BSD-compatible install
configure:3394: result: /usr/bin/install -c
configure:3405: checking whether build environment is sane
configure:3460: result: yes
configure:3617: checking for a race-free mkdir -p
configure:3661: result: /usr/bin/mkdir -p
configure:3668: checking for gawk
configure:3689: found /usr/bin/gawk
configure:3700: result: gawk
configure:3711: checking whether make sets $(MAKE)
configure:3734: result: yes
configure:3764: checking whether make supports nested variables
configure:3782: result: yes
configure:3943: checking whether make supports the include directive
configure:3958: make -f confmf.GNU && cat confinc.out
this is the am__doit target
configure:3961: $? = 0
configure:3980: result: yes (GNU style)
configure:4056: checking for gcc
configure:4077: found /usr/bin/gcc
configure:4088: result: gcc
configure:4441: checking for C compiler version
configure:4450: gcc --version >&5
gcc (Ubuntu 9.4.0-1ubuntu1~20.04.1) 9.4.0
Copyright (C) 2019 Free Software Foundation, Inc.
This is free software; see the source for copying conditions.  There is NO
warranty; not even for MERCHANTABILITY or FITNESS FOR A PARTICULAR PURPOSE.

configure:4461: $? = 0
configure:4450: gcc -v >&5
Using built-in specs.
COLLECT_GCC=gcc
COLLECT_LTO_WRAPPER=/usr/lib/gcc/x86_64-linux-gnu/9/lto-wrapper
OFFLOAD_TARGET_NAMES=nvptx-none:hsa
OFFLOAD_TARGET_DEFAULT=1
Target: x86_64-linux-gnu
Configured with: ../src/configure -v --with-pkgversion='Ubuntu 9.4.0-1ubuntu1~20.04.1' --with-bugurl=file:///usr/share/doc/gcc-9/README.Bugs --enable-languages=c,ada,c++,go,brig,d,fortran,objc,obj-c++,gm2 --prefix=/usr --with-gcc-major-version-only --program-suffix=-9 --program-prefix=x86_64-linux-gnu- --enable-shared --enable-linker-build-id --libexecdir=/usr/lib --without-included-gettext --enable-threads=posix --libdir=/usr/lib --enable-nls --enable-clocale=gnu --enable-libstdcxx-debug --enable-libstdcxx-time=yes --with-default-libstdcxx-abi=new --enable-gnu-unique-object --disable-vtable-verify --enable-plugin --enable-default-pie --with-system-zlib --with-target-system-zlib=auto --enable-objc-gc=auto --enable-multiarch --disable-werror --with-arch-32=i686 --with-abi=m64 --with-multilib-list=m32,m64,mx32 --enable-multilib --with-tune=generic --enable-offload-targets=nvptx-none=/build/gcc-9-Av3uEd/gcc-9-9.4.0/debian/tmp-nvptx/usr,hsa --without-cuda-driver --enable-checking=release --build=x86_64-linux-gnu --host=x86_64-linux-gnu --target=x86_64-linux-gnu
Thread model: posix
gcc version 9.4.0 (Ubuntu 9.4.0-1ubuntu1~20.04.1) 
configure:4461: $? = 0
configure:4450: gcc -V >&5
gcc: error: unrecognized command line option '-V'
gcc: fatal error: no input files
compilation terminated.
configure:4461: $? = 1
configure:4450: gcc -qversion >&5
gcc: error: unrecognized command line option '-qversion'; did you mean '--version'?
gcc: fatal error: no input files
compilation terminated.
configure:4461: $? = 1
configure:4450: gcc -version >&5
gcc: error: unrecognized command line option '-version'
gcc: fatal error: no input files
compilation terminated.
configure:4461: $? = 1
configure:4481: checking whether the C compiler works
configure:4503: gcc    conftest.c  >&5
configure:4507: $? = 0
configure:4557: result: yes
configure:4560: checking for C compiler default output file name
configure:4562: result: a.out
configure:4568: checking for suffix of executables
configure:4575: gcc -o conftest    conftest.c  >&5
configure:4579: $? = 0
configure:4602: result: 
configure:4624: checking whether we are cross compiling
configure:4632: gcc -o conftest    conftest.c  >&5
configure:4636: $? = 0
configure:4643: ./conftest
configure:4647: $? = 0
configure:4635: result: no
configure:4640: checking for suffix of object files
configure:4663: gcc -c   conftest.c >&5
configure:4667: $? = 0
configure:4689: result: o
configure:4693: checking whether the compiler supports GNU C
configure:4713: gcc -c   conftest.c >&5
configure:4713: $? = 0
configure:4723: result: yes
configure:4734: checking whether gcc accepts -g
configure:4755: gcc -c -g  conftest.c >&5
configure:4755: $? = 0
configure:4799: result: yes
configure:4819: checking for gcc option to enable C11 features
configure:4834: gcc  -c -g -O2  conftest.c >&5
configure:4834: $? = 0
configure:4852: result: none needed
configure:4968: checking whether gcc understands -c and -o together
configure:4991: gcc -c conftest.c -o conftest2.o
configure:4994: $? = 0
configure:4991: gcc -c conftest.c -o conftest2.o
configure:4994: $? = 0
configure:5006: result: yes
configure:5025: checking dependency style of gcc
configure:5137: result: gcc3
configure:5208: checking for ar
configure:5229: found /usr/bin/ar
configure:5240: result: ar
configure:5266: checking the archiver (ar) interface
configure:5283: gcc -c -g -O2  conftest.c >&5
configure:5283: $? = 0
configure:5286: ar cru libconftest.a conftest.o >&5
ar: `u' modifier ignored since `D' is the default (see `U')
configure:5289: $? = 0
configure:5288: result: ar
configure:5309: checking whether ln -s works
configure:5313: result: yes
configure:5320: checking whether make sets $(MAKE)
configure:5343: result: yes
configure:5401: checking how to print strings
configure:5428: result: printf
configure:5449: checking for a sed that does not truncate output
configure:5519: result: /usr/bin/sed
configure:5537: checking for grep that handles long lines and -e
configure:5601: result: /usr/bin/grep
configure:5606: checking for egrep
configure:5674: result: /usr/bin/grep -E
configure:5679: checking for fgrep
configure:5747: result: /usr/bin/grep -F
configure:5783: checking for ld used by gcc
configure:5851: result: /usr/bin/ld
configure:5858: checking if the linker (/usr/bin/ld) is GNU ld
configure:5874: result: yes
configure:5886: checking for BSD- or MS-compatible name lister (nm)
configure:5941: result: /usr/bin/nm -B
configure:6081: checking the name lister (/usr/bin/nm -B) interface
configure:6089: gcc -c -g -O2  conftest.c >&5
configure:6092: /usr/bin/nm -B "conftest.o"
configure:6095: output
0000000000000000 B some_variable
configure:6096: result: BSD nm
configure:6100: checking the maximum length of command line arguments
configure:6237: result: 1572864
configure:6285: checking how to convert x86_64-pc-linux-gnu file names to x86_64-pc-linux-gnu format
configure:6326: result: func_convert_file_noop
configure:6333: checking how to convert x86_64-pc-linux-gnu file names to toolchain format
configure:6354: result: func_convert_file_noop
configure:6361: checking for /usr/bin/ld option to reload object files
configure:6369: result: -r
configure:6448: checking for file
configure:6469: found /usr/bin/file
configure:6480: result: file
configure:6556: checking for objdump
configure:6577: found /usr/bin/objdump
configure:6588: result: objdump
configure:6617: checking how to recognize dependent libraries
configure:6818: result: pass_all
configure:6908: checking for dlltool
configure:6943: result: no
configure:6970: checking how to associate runtime and link libraries
configure:6998: result: printf %s\n
configure:7148: checking for archiver @FILE support
configure:7166: gcc -c -g -O2  conftest.c >&5
configure:7166: $? = 0
configure:7170: ar cr libconftest.a @conftest.lst >&5
configure:7173: $? = 0
configure:7178: ar cr libconftest.a @conftest.lst >&5
ar: conftest.o: No such file or directory
configure:7181: $? = 1
configure:7180: result: @
configure:7243: checking for strip
configure:7264: found /usr/bin/strip
configure:7275: result: strip
configure:7352: checking for ranlib
configure:7373: found /usr/bin/ranlib
configure:7384: result: ranlib
configure:7486: checking command to parse /usr/bin/nm -B output from gcc object
configure:7640: gcc -c -g -O2  conftest.c >&5
configure:7643: $? = 0
configure:7647: /usr/bin/nm -B conftest.o \| /usr/bin/sed -n -e 's/^.*[ ]\([ABCDGIRSTW][ABCDGIRSTW]*\)[ ][ ]*\([_A-Za-z][_A-Za-z0-9]*\)$/\1 \2 \2/p' | /usr/bin/sed '/ __gnu_lto/d' \> conftest.nm
configure:7650: $? = 0
configure:7716: gcc -o conftest -g -O2   conftest.c conftstm.o >&5
configure:7719: $? = 0
configure:7757: result: ok
configure:7804: checking for sysroot
configure:7835: result: no
configure:7842: checking for a working dd
configure:7886: result: /usr/bin/dd
configure:7890: checking how to truncate binary pipes
configure:7906: result: /usr/bin/dd bs=4096 count=1
configure:8043: gcc -c -g -O2  conftest.c >&5
configure:8046: $? = 0
configure:8243: checking for mt
configure:8264: found /usr/bin/mt
configure:8275: result: mt
configure:8298: checking if mt is a manifest tool
configure:8305: mt '-?'
configure:8313: result: no
configure:9038: checking for stdio.h
configure:9038: gcc -c -g -O2  conftest.c >&5
configure:9038: $? = 0
configure:9038: result: yes
configure:9038: checking for stdlib.h
configure:9038: gcc -c -g -O2  conftest.c >&5
configure:9038: $? = 0
configure:9038: result: yes
configure:9038: checking for string.h
configure:9038: gcc -c -g -O2  conftest.c >&5
configure:9038: $? = 0
configure:9038: result: yes
configure:9038: checking for inttypes.h
configure:9038: gcc -c -g -O2  conftest.c >&5
configure:9038: $? = 0
configure:9038: result: yes
configure:9038: checking for stdint.h
configure:9038: gcc -c -g -O2  conftest.c >&5
configure:9038: $? = 0
configure:9038: result: yes
configure:9038: checking for strings.h
configure:9038: gcc -c -g -O2  conftest.c >&5
configure:9038: $? = 0
configure:9038: result: yes
configure:9038: checking for sys/stat.h
configure:9038: gcc -c -g -O2  conftest.c >&5
configure:9038: $? = 0
configure:9038: result: yes
configure:9038: checking for sys/types.h
configure:9038: gcc -c -g -O2  conftest.c >&5
configure:9038: $? = 0
configure:9038: result: yes
configure:9038: checking for unistd.h
configure:9038: gcc -c -g -O2  conftest.c >&5
configure:9038: $? = 0
configure:9038: result: yes
configure:9038: checking for sys/param.h
configure:9038: gcc -c -g -O2  conftest.c >&5
configure:9038: $? = 0
configure:9038: result: yes
configure:9063: checking for dlfcn.h
configure:9063: gcc -c -g -O2  conftest.c >&5
configure:9063: $? = 0
configure:9063: result: yes
configure:9650: checking for objdir
configure:9666: result: .libs
configure:9930: checking if gcc supports -fno-rtti -fno-exceptions
configure:9949: gcc -c -g -O2  -fno-rtti -fno-exceptions conftest.c >&5
cc1: warning: command line option '-fno-rtti' is valid for C++/D/ObjC++ but not for C
configure:9953: $? = 0
configure:9966: result: no
configure:10324: checking for gcc option to produce PIC
configure:10332: result: -fPIC -DPIC
configure:10340: checking if gcc PIC flag -fPIC -DPIC works
configure:10359: gcc -c -g -O2  -fPIC -DPIC -DPIC conftest.c >&5
configure:10363: $? = 0
configure:10376: result: yes
configure:10405: checking if gcc static flag -static works
configure:10434: result: yes
configure:10449: checking if gcc supports -c -o file.o
configure:10471: gcc -c -g -O2  -o out/conftest2.o conftest.c >&5
configure:10475: $? = 0
configure:10497: result: yes
configure:10505: checking if gcc supports -c -o file.o
configure:10553: result: yes
configure:10586: checking whether the gcc linker (/usr/bin/ld -m elf_x86_64) supports shared libraries
configure:11854: result: yes
configure:11891: checking whether -lc should be explicitly linked in
configure:11900: gcc -c -g -O2  conftest.c >&5
configure:11903: $? = 0
configure:11918: gcc -shared  -fPIC -DPIC conftest.o  -v -Wl,-soname -Wl,conftest -o conftest 2\>\&1 \| /usr/bin/grep  -lc  \>/dev/null 2\>\&1
configure:11921: $? = 0
configure:11935: result: no
configure:12095: checking dynamic linker characteristics
configure:12690: gcc -o conftest -g -O2   -Wl,-rpath -Wl,/foo conftest.c  >&5
configure:12690: $? = 0
configure:12929: result: GNU/Linux ld.so
configure:13051: checking how to hardcode library paths into programs
configure:13076: result: immediate
configure:13658: checking whether stripping libraries is possible
configure:13667: result: yes
configure:13709: checking if libtool supports shared libraries
configure:13711: result: yes
configure:13714: checking whether to build shared libraries
configure:13739: result: yes
configure:13742: checking whether to build static libraries
configure:13746: result: no
configure:10524: checking whether C compiler accepts -Wall
configure:10537: gcc -c -g -O2  -Werror -Wall  conftest.c >&5
configure:10537: $? = 0
configure:10547: result: yes
configure:10576: : AM_CFLAGS="$AM_CFLAGS"
configure:10579: $? = 0
configure:10524: checking whether C compiler accepts -Wextra
configure:10537: gcc -c -g -O2  -Werror -Wextra  conftest.c >&5
configure:10537: $? = 0
configure:10547: result: yes
configure:10565: : AM_CFLAGS="$AM_CFLAGS"
configure:10568: $? = 0
configure:10596: checking whether C compiler accepts -fexceptions
configure:10609: gcc -c -g -O2  -Werror -fexceptions  conftest.c >&5
configure:10609: $? = 0
configure:10619: result: yes
configure:10637: : AM_CFLAGS="$AM_CFLAGS"
configure:10640: $? = 0
configure:10668: checking whether C compiler accepts -fno-strict-aliasing
configure:10681: gcc -c -g -O2  -Werror -fno-strict-aliasing  conftest.c >&5
configure:10681: $? = 0
configure:10691: result: yes
configure:10709: : AM_CFLAGS="$AM_CFLAGS"
configure:10712: $? = 0
configure:10668: checking whether C compiler accepts -Wmissing-prototypes
configure:10681: gcc -c -g -O2  -Werror -Wmissing-prototypes  conftest.c >&5
configure:10681: $? = 0
configure:10691: result: yes
configure:10709: : AM_CFLAGS="$AM_CFLAGS"
configure:10712: $? = 0
configure:10668: checking whether C compiler accepts -Wstrict-prototypes
configure:10681: gcc -c -g -O2  -Werror -Wstrict-prototypes  conftest.c >&5
configure:10681: $? = 0
configure:10691: result: yes
configure:10709: : AM_CFLAGS="$AM_CFLAGS"
configure:10712: $? = 0
configure:10740: checking whether C compiler accepts -pedantic
configure:10753: gcc -c -g -O2  -Werror -pedantic  conftest.c >&5
configure:10753: $? = 0
configure:10763: result: yes
configure:10781: : AM_CFLAGS="$AM_CFLAGS"
configure:10784: $? = 0
configure:10740: checking whether C compiler accepts -Wduplicated-cond
configure:10753: gcc -c -g -O2  -Werror -Wduplicated-cond  conftest.c >&5
configure:10753: $? = 0
configure:10763: result: yes
configure:10781: : AM_CFLAGS="$AM_CFLAGS"
configure:10784: $? = 0
configure:10740: checking whether C compiler accepts -Wduplicated-branches
configure:10753: gcc -c -g -O2  -Werror -Wduplicated-branches  conftest.c >&5
configure:10753: $? = 0
configure:10763: result: yes
configure:10781: : AM_CFLAGS="$AM_CFLAGS"
configure:10784: $? = 0
configure:10740: checking whether C compiler accepts -Wlogical-op
configure:10753: gcc -c -g -O2  -Werror -Wlogical-op  conftest.c >&5
configure:10753: $? = 0
configure:10763: result: yes
configure:10781: : AM_CFLAGS="$AM_CFLAGS"
configure:10784: $? = 0
configure:10812: checking whether C compiler accepts -Wrestrict
configure:10825: gcc -c -g -O2  -Werror -Wrestrict  conftest.c >&5
configure:10825: $? = 0
configure:10835: result: yes
configure:10853: : AM_CFLAGS="$AM_CFLAGS"
configure:10856: $? = 0
configure:10812: checking whether C compiler accepts -Wnull-dereference
configure:10825: gcc -c -g -O2  -Werror -Wnull-dereference  conftest.c >&5
configure:10825: $? = 0
configure:10835: result: yes
configure:10853: : AM_CFLAGS="$AM_CFLAGS"
configure:10856: $? = 0
configure:10812: checking whether C compiler accepts -Wjump-misses-init
configure:10825: gcc -c -g -O2  -Werror -Wjump-misses-init  conftest.c >&5
configure:10825: $? = 0
configure:10835: result: yes
configure:10853: : AM_CFLAGS="$AM_CFLAGS"
configure:10856: $? = 0
configure:10812: checking whether C compiler accepts -Wdouble-promotion
configure:10825: gcc -c -g -O2  -Werror -Wdouble-promotion  conftest.c >&5
configure:10825: $? = 0
configure:10835: result: yes
configure:10853: : AM_CFLAGS="$AM_CFLAGS"
configure:10856: $? = 0
configure:10884: checking whether C compiler accepts -Wshadow
configure:10897: gcc -c -g -O2  -Werror -Wshadow  conftest.c >&5
configure:10897: $? = 0
configure:10907: result: yes
configure:10925: : AM_CFLAGS="$AM_CFLAGS"
configure:10928: $? = 0
configure:10884: checking whether C compiler accepts -Wformat=2
configure:10897: gcc -c -g -O2  -Werror -Wformat=2  conftest.c >&5
configure:10897: $? = 0
configure:10907: result: yes
configure:10925: : AM_CFLAGS="$AM_CFLAGS"
configure:10928: $? = 0
configure:10884: checking whether C compiler accepts -Wno-pedantic-ms-format
configure:10897: gcc -c -g -O2  -Werror -Wno-pedantic-ms-format  conftest.c >&5
configure:10897: $? = 0
configure:10907: result: yes
configure:10925: : AM_CFLAGS="$AM_CFLAGS"
configure:10928: $? = 0
configure:10884: checking whether C compiler accepts -Wmisleading-indentation
configure:10897: gcc -c -g -O2  -Werror -Wmisleading-indentation  conftest.c >&5
configure:10897: $? = 0
configure:10907: result: yes
configure:10925: : AM_CFLAGS="$AM_CFLAGS"
configure:10928: $? = 0
configure:11027: checking for g++
configure:11048: found /usr/bin/g++
configure:11059: result: g++
configure:11086: checking for C++ compiler version
configure:11095: g++ --version >&5
g++ (Ubuntu 9.4.0-1ubuntu1~20.04.1) 9.4.0
Copyright (C) 2019 Free Software Foundation, Inc.
This is free software; see the source for copying conditions.  There is NO
warranty; not even for MERCHANTABILITY or FITNESS FOR A PARTICULAR PURPOSE.

configure:11106: $? = 0
configure:11095: g++ -v >&5
Using built-in specs.
COLLECT_GCC=g++
COLLECT_LTO_WRAPPER=/usr/lib/gcc/x86_64-linux-gnu/9/lto-wrapper
OFFLOAD_TARGET_NAMES=nvptx-none:hsa
OFFLOAD_TARGET_DEFAULT=1
Target: x86_64-linux-gnu
Configured with: ../src/configure -v --with-pkgversion='Ubuntu 9.4.0-1ubuntu1~20.04.1' --with-bugurl=file:///usr/share/doc/gcc-9/README.Bugs --enable-languages=c,ada,c++,go,brig,d,fortran,objc,obj-c++,gm2 --prefix=/usr --with-gcc-major-version-only --program-suffix=-9 --program-prefix=x86_64-linux-gnu- --enable-shared --enable-linker-build-id --libexecdir=/usr/lib --without-included-gettext --enable-threads=posix --libdir=/usr/lib --enable-nls --enable-clocale=gnu --enable-libstdcxx-debug --enable-libstdcxx-time=yes --with-default-libstdcxx-abi=new --enable-gnu-unique-object --disable-vtable-verify --enable-plugin --enable-default-pie --with-system-zlib --with-target-system-zlib=auto --enable-objc-gc=auto --enable-multiarch --disable-werror --with-arch-32=i686 --with-abi=m64 --with-multilib-list=m32,m64,mx32 --enable-multilib --with-tune=generic --enable-offload-targets=nvptx-none=/build/gcc-9-Av3uEd/gcc-9-9.4.0/debian/tmp-nvptx/usr,hsa --without-cuda-driver --enable-checking=release --build=x86_64-linux-gnu --host=x86_64-linux-gnu --target=x86_64-linux-gnu
Thread model: posix
gcc version 9.4.0 (Ubuntu 9.4.0-1ubuntu1~20.04.1) 
configure:11106: $? = 0
configure:11095: g++ -V >&5
g++: error: unrecognized command line option '-V'
g++: fatal error: no input files
compilation terminated.
configure:11106: $? = 1
configure:11095: g++ -qversion >&5
g++: error: unrecognized command line option '-qversion'; did you mean '--version'?
g++: fatal error: no input files
compilation terminated.
configure:11106: $? = 1
configure:11110: checking whether the compiler supports GNU C++
configure:11130: g++ -c   conftest.cpp >&5
configure:11130: $? = 0
configure:11140: result: yes
configure:11151: checking whether g++ accepts -g
configure:11172: g++ -c -g  conftest.cpp >&5
configure:11172: $? = 0
configure:11216: result: yes
configure:11236: checking for g++ option to enable C++11 features
configure:11251: g++  -c -g -O2  conftest.cpp >&5
configure:11251: $? = 0
configure:11269: result: none needed
configure:11335: checking dependency style of g++
configure:11447: result: gcc3
configure:11480: checking how to run the C++ preprocessor
configure:11502: g++ -E  conftest.cpp
configure:11502: $? = 0
configure:11517: g++ -E  conftest.cpp
conftest.cpp:24:10: fatal error: ac_nonexistent.h: No such file or directory
   24 | #include <ac_nonexistent.h>
      |          ^~~~~~~~~~~~~~~~~~
compilation terminated.
configure:11517: $? = 1
configure: failed program was:
| /* confdefs.h */
| #define PACKAGE_NAME "expat"
| #define PACKAGE_TARNAME "expat"
| #define PACKAGE_VERSION "2.5.0"
| #define PACKAGE_STRING "expat 2.5.0"
| #define PACKAGE_BUGREPORT "expat-bugs@libexpat.org"
| #define PACKAGE_URL ""
| #define PACKAGE "expat"
| #define VERSION "2.5.0"
| #define HAVE_STDIO_H 1
| #define HAVE_STDLIB_H 1
| #define HAVE_STRING_H 1
| #define HAVE_INTTYPES_H 1
| #define HAVE_STDINT_H 1
| #define HAVE_STRINGS_H 1
| #define HAVE_SYS_STAT_H 1
| #define HAVE_SYS_TYPES_H 1
| #define HAVE_UNISTD_H 1
| #define HAVE_SYS_PARAM_H 1
| #define STDC_HEADERS 1
| #define HAVE_DLFCN_H 1
| #define LT_OBJDIR ".libs/"
| /* end confdefs.h.  */
| #include <ac_nonexistent.h>
configure:11544: result: g++ -E
configure:11558: g++ -E  conftest.cpp
configure:11558: $? = 0
configure:11573: g++ -E  conftest.cpp
conftest.cpp:24:10: fatal error: ac_nonexistent.h: No such file or directory
   24 | #include <ac_nonexistent.h>
      |          ^~~~~~~~~~~~~~~~~~
compilation terminated.
configure:11573: $? = 1
configure: failed program was:
| /* confdefs.h */
| #define PACKAGE_NAME "expat"
| #define PACKAGE_TARNAME "expat"
| #define PACKAGE_VERSION "2.5.0"
| #define PACKAGE_STRING "expat 2.5.0"
| #define PACKAGE_BUGREPORT "expat-bugs@libexpat.org"
| #define PACKAGE_URL ""
| #define PACKAGE "expat"
| #define VERSION "2.5.0"
| #define HAVE_STDIO_H 1
| #define HAVE_STDLIB_H 1
| #define HAVE_STRING_H 1
| #define HAVE_INTTYPES_H 1
| #define HAVE_STDINT_H 1
| #define HAVE_STRINGS_H 1
| #define HAVE_SYS_STAT_H 1
| #define HAVE_SYS_TYPES_H 1
| #define HAVE_UNISTD_H 1
| #define HAVE_SYS_PARAM_H 1
| #define STDC_HEADERS 1
| #define HAVE_DLFCN_H 1
| #define LT_OBJDIR ".libs/"
| /* end confdefs.h.  */
| #include <ac_nonexistent.h>
configure:11738: checking for ld used by g++
configure:11806: result: /usr/bin/ld -m elf_x86_64
configure:11813: checking if the linker (/usr/bin/ld -m elf_x86_64) is GNU ld
configure:11829: result: yes
configure:11884: checking whether the g++ linker (/usr/bin/ld -m elf_x86_64) supports shared libraries
configure:12962: result: yes
configure:12998: g++ -c -g -O2  conftest.cpp >&5
configure:13001: $? = 0
configure:13482: checking for g++ option to produce PIC
configure:13490: result: -fPIC -DPIC
configure:13498: checking if g++ PIC flag -fPIC -DPIC works
configure:13517: g++ -c -g -O2  -fPIC -DPIC -DPIC conftest.cpp >&5
configure:13521: $? = 0
configure:13534: result: yes
configure:13557: checking if g++ static flag -static works
configure:13586: result: yes
configure:13598: checking if g++ supports -c -o file.o
configure:13620: g++ -c -g -O2  -o out/conftest2.o conftest.cpp >&5
configure:13624: $? = 0
configure:13646: result: yes
configure:13651: checking if g++ supports -c -o file.o
configure:13699: result: yes
configure:13729: checking whether the g++ linker (/usr/bin/ld -m elf_x86_64) supports shared libraries
configure:13769: result: yes
configure:13911: checking dynamic linker characteristics
configure:14672: result: GNU/Linux ld.so
configure:14737: checking how to hardcode library paths into programs
configure:14762: result: immediate
configure:13639: checking whether C++ compiler accepts -Wall
configure:13652: g++ -c -g -O2  -Werror -Wall  conftest.cpp >&5
configure:13652: $? = 0
configure:13662: result: yes
configure:13691: : AM_CXXFLAGS="$AM_CXXFLAGS"
configure:13694: $? = 0
configure:13639: checking whether C++ compiler accepts -Wextra
configure:13652: g++ -c -g -O2  -Werror -Wextra  conftest.cpp >&5
configure:13652: $? = 0
configure:13662: result: yes
configure:13680: : AM_CXXFLAGS="$AM_CXXFLAGS"
configure:13683: $? = 0
configure:13711: checking whether C++ compiler accepts -fexceptions
configure:13724: g++ -c -g -O2  -Werror -fexceptions  conftest.cpp >&5
configure:13724: $? = 0
configure:13734: result: yes
configure:13752: : AM_CXXFLAGS="$AM_CXXFLAGS"
configure:13755: $? = 0
configure:13783: checking whether C++ compiler accepts -fno-strict-aliasing
configure:13796: g++ -c -g -O2  -Werror -fno-strict-aliasing  conftest.cpp >&5
configure:13796: $? = 0
configure:13806: result: yes
configure:13824: : AM_CXXFLAGS="$AM_CXXFLAGS"
configure:13827: $? = 0
configure:13865: checking whether the linker accepts -fno-strict-aliasing
configure:13885: gcc -o conftest -g -O2    -fno-strict-aliasing conftest.c  >&5
configure:13885: $? = 0
configure:13896: result: yes
configure:13925: : AM_LDFLAGS="$AM_LDFLAGS"
configure:13928: $? = 0
configure:13953: checking whether compiler supports visibility
configure:13969: gcc -c -g -O2 -fvisibility=hidden -Wall -Werror -Wno-unknown-warning-option  conftest.c >&5
configure:13969: $? = 0
configure:13976: result: yes
configure:13995: : AM_CFLAGS="$AM_CFLAGS"
configure:13998: $? = 0
configure:14041: : AM_CPPFLAGS="$AM_CPPFLAGS"
configure:14044: $? = 0
configure:14045: checking whether byte ordering is bigendian
configure:14061: gcc -c -g -O2  conftest.c >&5
conftest.c:25:9: error: unknown type name 'not'
   25 |         not a universal capable compiler
      |         ^~~
conftest.c:25:15: error: expected '=', ',', ';', 'asm' or '__attribute__' before 'universal'
   25 |         not a universal capable compiler
      |               ^~~~~~~~~
conftest.c:25:15: error: unknown type name 'universal'
configure:14061: $? = 1
configure: failed program was:
| /* confdefs.h */
| #define PACKAGE_NAME "expat"
| #define PACKAGE_TARNAME "expat"
| #define PACKAGE_VERSION "2.5.0"
| #define PACKAGE_STRING "expat 2.5.0"
| #define PACKAGE_BUGREPORT "expat-bugs@libexpat.org"
| #define PACKAGE_URL ""
| #define PACKAGE "expat"
| #define VERSION "2.5.0"
| #define HAVE_STDIO_H 1
| #define HAVE_STDLIB_H 1
| #define HAVE_STRING_H 1
| #define HAVE_INTTYPES_H 1
| #define HAVE_STDINT_H 1
| #define HAVE_STRINGS_H 1
| #define HAVE_SYS_STAT_H 1
| #define HAVE_SYS_TYPES_H 1
| #define HAVE_UNISTD_H 1
| #define HAVE_SYS_PARAM_H 1
| #define STDC_HEADERS 1
| #define HAVE_DLFCN_H 1
| #define LT_OBJDIR ".libs/"
| /* end confdefs.h.  */
| #ifndef __APPLE_CC__
| 	       not a universal capable compiler
| 	     #endif
| 	     typedef int dummy;
| 
configure:14107: gcc -c -g -O2  conftest.c >&5
configure:14107: $? = 0
configure:14126: gcc -c -g -O2  conftest.c >&5
conftest.c: In function 'main':
conftest.c:31:4: error: unknown type name 'not'; did you mean 'ino_t'?
   31 |    not big endian
      |    ^~~
      |    ino_t
conftest.c:31:12: error: expected '=', ',', ';', 'asm' or '__attribute__' before 'endian'
   31 |    not big endian
      |            ^~~~~~
configure:14126: $? = 1
configure: failed program was:
| /* confdefs.h */
| #define PACKAGE_NAME "expat"
| #define PACKAGE_TARNAME "expat"
| #define PACKAGE_VERSION "2.5.0"
| #define PACKAGE_STRING "expat 2.5.0"
| #define PACKAGE_BUGREPORT "expat-bugs@libexpat.org"
| #define PACKAGE_URL ""
| #define PACKAGE "expat"
| #define VERSION "2.5.0"
| #define HAVE_STDIO_H 1
| #define HAVE_STDLIB_H 1
| #define HAVE_STRING_H 1
| #define HAVE_INTTYPES_H 1
| #define HAVE_STDINT_H 1
| #define HAVE_STRINGS_H 1
| #define HAVE_SYS_STAT_H 1
| #define HAVE_SYS_TYPES_H 1
| #define HAVE_UNISTD_H 1
| #define HAVE_SYS_PARAM_H 1
| #define STDC_HEADERS 1
| #define HAVE_DLFCN_H 1
| #define LT_OBJDIR ".libs/"
| /* end confdefs.h.  */
| #include <sys/types.h>
| 		#include <sys/param.h>
| 
| int
| main (void)
| {
| #if BYTE_ORDER != BIG_ENDIAN
| 		 not big endian
| 		#endif
| 
|   ;
|   return 0;
| }
configure:14262: result: no
configure:14285: checking for an ANSI C-conforming const
configure:14352: gcc -c -g -O2  conftest.c >&5
configure:14352: $? = 0
configure:14360: result: yes
configure:14368: checking for size_t
configure:14368: gcc -c -g -O2  conftest.c >&5
configure:14368: $? = 0
configure:14368: gcc -c -g -O2  conftest.c >&5
conftest.c: In function 'main':
conftest.c:56:21: error: expected expression before ')' token
   56 | if (sizeof ((size_t)))
      |                     ^
configure:14368: $? = 1
configure: failed program was:
| /* confdefs.h */
| #define PACKAGE_NAME "expat"
| #define PACKAGE_TARNAME "expat"
| #define PACKAGE_VERSION "2.5.0"
| #define PACKAGE_STRING "expat 2.5.0"
| #define PACKAGE_BUGREPORT "expat-bugs@libexpat.org"
| #define PACKAGE_URL ""
| #define PACKAGE "expat"
| #define VERSION "2.5.0"
| #define HAVE_STDIO_H 1
| #define HAVE_STDLIB_H 1
| #define HAVE_STRING_H 1
| #define HAVE_INTTYPES_H 1
| #define HAVE_STDINT_H 1
| #define HAVE_STRINGS_H 1
| #define HAVE_SYS_STAT_H 1
| #define HAVE_SYS_TYPES_H 1
| #define HAVE_UNISTD_H 1
| #define HAVE_SYS_PARAM_H 1
| #define STDC_HEADERS 1
| #define HAVE_DLFCN_H 1
| #define LT_OBJDIR ".libs/"
| #define BYTEORDER 1234
| /* end confdefs.h.  */
| #include <stddef.h>
| #ifdef HAVE_STDIO_H
| # include <stdio.h>
| #endif
| #ifdef HAVE_STDLIB_H
| # include <stdlib.h>
| #endif
| #ifdef HAVE_STRING_H
| # include <string.h>
| #endif
| #ifdef HAVE_INTTYPES_H
| # include <inttypes.h>
| #endif
| #ifdef HAVE_STDINT_H
| # include <stdint.h>
| #endif
| #ifdef HAVE_STRINGS_H
| # include <strings.h>
| #endif
| #ifdef HAVE_SYS_TYPES_H
| # include <sys/types.h>
| #endif
| #ifdef HAVE_SYS_STAT_H
| # include <sys/stat.h>
| #endif
| #ifdef HAVE_UNISTD_H
| # include <unistd.h>
| #endif
| int
| main (void)
| {
| if (sizeof ((size_t)))
| 	    return 0;
|   ;
|   return 0;
| }
configure:14368: result: yes
configure:14585: checking for cos in -lm
configure:14614: gcc -o conftest -g -O2   conftest.c -lm   >&5
conftest.c:35:6: warning: conflicting types for built-in function 'cos'; expected 'double(double)' [-Wbuiltin-declaration-mismatch]
   35 | char cos (void);
      |      ^~~
conftest.c:1:1: note: 'cos' is declared in header '<math.h>'
    1 | /* confdefs.h */
configure:14614: $? = 0
configure:14624: result: yes
configure:14702: checking for arc4random_buf (BSD or libbsd)
configure:14717: gcc -o conftest -g -O2   conftest.c  >&5
conftest.c: In function 'main':
conftest.c:31:7: warning: implicit declaration of function 'arc4random_buf' [-Wimplicit-function-declaration]
   31 |       arc4random_buf(NULL, 0U);
      |       ^~~~~~~~~~~~~~
/usr/bin/ld: /tmp/cc8rE0tx.o: in function `main':
/home/mapxu/ws/sandbox/rust-dbus/dbus-1.14.4/expat-2.5.0/conftest.c:31: undefined reference to `arc4random_buf'
collect2: error: ld returned 1 exit status
configure:14717: $? = 1
configure: failed program was:
| /* confdefs.h */
| #define PACKAGE_NAME "expat"
| #define PACKAGE_TARNAME "expat"
| #define PACKAGE_VERSION "2.5.0"
| #define PACKAGE_STRING "expat 2.5.0"
| #define PACKAGE_BUGREPORT "expat-bugs@libexpat.org"
| #define PACKAGE_URL ""
| #define PACKAGE "expat"
| #define VERSION "2.5.0"
| #define HAVE_STDIO_H 1
| #define HAVE_STDLIB_H 1
| #define HAVE_STRING_H 1
| #define HAVE_INTTYPES_H 1
| #define HAVE_STDINT_H 1
| #define HAVE_STRINGS_H 1
| #define HAVE_SYS_STAT_H 1
| #define HAVE_SYS_TYPES_H 1
| #define HAVE_UNISTD_H 1
| #define HAVE_SYS_PARAM_H 1
| #define STDC_HEADERS 1
| #define HAVE_DLFCN_H 1
| #define LT_OBJDIR ".libs/"
| #define BYTEORDER 1234
| /* end confdefs.h.  */
| 
|     #include <stdlib.h>  /* for arc4random_buf on BSD, for NULL */
|     #if defined(HAVE_LIBBSD)
|     # include <bsd/stdlib.h>
|     #endif
|     int main() {
|       arc4random_buf(NULL, 0U);
|       return 0;
|     }
| 
configure:14725: result: no
configure:14728: checking for arc4random (BSD, macOS or libbsd)
configure:14744: gcc -o conftest -g -O2   conftest.c  >&5
conftest.c: In function 'main':
conftest.c:32:11: warning: implicit declaration of function 'arc4random'; did you mean 'srandom'? [-Wimplicit-function-declaration]
   32 |           arc4random();
      |           ^~~~~~~~~~
      |           srandom
/usr/bin/ld: /tmp/ccpIuOmy.o: in function `main':
/home/mapxu/ws/sandbox/rust-dbus/dbus-1.14.4/expat-2.5.0/conftest.c:32: undefined reference to `arc4random'
collect2: error: ld returned 1 exit status
configure:14744: $? = 1
configure: failed program was:
| /* confdefs.h */
| #define PACKAGE_NAME "expat"
| #define PACKAGE_TARNAME "expat"
| #define PACKAGE_VERSION "2.5.0"
| #define PACKAGE_STRING "expat 2.5.0"
| #define PACKAGE_BUGREPORT "expat-bugs@libexpat.org"
| #define PACKAGE_URL ""
| #define PACKAGE "expat"
| #define VERSION "2.5.0"
| #define HAVE_STDIO_H 1
| #define HAVE_STDLIB_H 1
| #define HAVE_STRING_H 1
| #define HAVE_INTTYPES_H 1
| #define HAVE_STDINT_H 1
| #define HAVE_STRINGS_H 1
| #define HAVE_SYS_STAT_H 1
| #define HAVE_SYS_TYPES_H 1
| #define HAVE_UNISTD_H 1
| #define HAVE_SYS_PARAM_H 1
| #define STDC_HEADERS 1
| #define HAVE_DLFCN_H 1
| #define LT_OBJDIR ".libs/"
| #define BYTEORDER 1234
| /* end confdefs.h.  */
| 
|        #if defined(HAVE_LIBBSD)
|        # include <bsd/stdlib.h>
|        #else
|        # include <stdlib.h>
|        #endif
|        int main() {
|           arc4random();
|           return 0;
|        }
| 
configure:14752: result: no
configure:14773: checking for getrandom (Linux 3.17+, glibc 2.25+)
configure:14785: gcc -o conftest -g -O2   conftest.c  >&5
configure:14785: $? = 0
configure:14790: result: yes
configure:14816: checking for syscall SYS_getrandom (Linux 3.17+)
configure:14830: gcc -o conftest -g -O2   conftest.c  >&5
configure:14830: $? = 0
configure:14835: result: yes
configure:14849: checking for fcntl.h
configure:14849: gcc -c -g -O2  conftest.c >&5
configure:14849: $? = 0
configure:14849: result: yes
configure:14855: checking for unistd.h
configure:14855: result: yes
configure:14862: checking for off_t
configure:14862: gcc -c -g -O2  conftest.c >&5
configure:14862: $? = 0
configure:14862: gcc -c -g -O2  conftest.c >&5
conftest.c: In function 'main':
conftest.c:60:20: error: expected expression before ')' token
   60 | if (sizeof ((off_t)))
      |                    ^
configure:14862: $? = 1
configure: failed program was:
| /* confdefs.h */
| #define PACKAGE_NAME "expat"
| #define PACKAGE_TARNAME "expat"
| #define PACKAGE_VERSION "2.5.0"
| #define PACKAGE_STRING "expat 2.5.0"
| #define PACKAGE_BUGREPORT "expat-bugs@libexpat.org"
| #define PACKAGE_URL ""
| #define PACKAGE "expat"
| #define VERSION "2.5.0"
| #define HAVE_STDIO_H 1
| #define HAVE_STDLIB_H 1
| #define HAVE_STRING_H 1
| #define HAVE_INTTYPES_H 1
| #define HAVE_STDINT_H 1
| #define HAVE_STRINGS_H 1
| #define HAVE_SYS_STAT_H 1
| #define HAVE_SYS_TYPES_H 1
| #define HAVE_UNISTD_H 1
| #define HAVE_SYS_PARAM_H 1
| #define STDC_HEADERS 1
| #define HAVE_DLFCN_H 1
| #define LT_OBJDIR ".libs/"
| #define BYTEORDER 1234
| #define HAVE_GETRANDOM 1
| #define HAVE_SYSCALL_GETRANDOM 1
| #define HAVE_FCNTL_H 1
| #define HAVE_UNISTD_H 1
| /* end confdefs.h.  */
| #include <stddef.h>
| #ifdef HAVE_STDIO_H
| # include <stdio.h>
| #endif
| #ifdef HAVE_STDLIB_H
| # include <stdlib.h>
| #endif
| #ifdef HAVE_STRING_H
| # include <string.h>
| #endif
| #ifdef HAVE_INTTYPES_H
| # include <inttypes.h>
| #endif
| #ifdef HAVE_STDINT_H
| # include <stdint.h>
| #endif
| #ifdef HAVE_STRINGS_H
| # include <strings.h>
| #endif
| #ifdef HAVE_SYS_TYPES_H
| # include <sys/types.h>
| #endif
| #ifdef HAVE_SYS_STAT_H
| # include <sys/stat.h>
| #endif
| #ifdef HAVE_UNISTD_H
| # include <unistd.h>
| #endif
| int
| main (void)
| {
| if (sizeof ((off_t)))
| 	    return 0;
|   ;
|   return 0;
| }
configure:14862: result: yes
configure:14877: checking for getpagesize
configure:14877: gcc -o conftest -g -O2   conftest.c  >&5
configure:14877: $? = 0
configure:14877: result: yes
configure:14888: checking for working mmap
configure:15040: gcc -o conftest -g -O2   conftest.c  >&5
configure:15040: $? = 0
configure:15040: ./conftest
configure:15040: $? = 0
configure:15051: result: yes
configure:15130: checking for docbook2x-man
configure:15165: result: no
configure:15130: checking for db2x_docbook2man
configure:15165: result: no
configure:15130: checking for docbook2man
configure:15165: result: no
configure:15130: checking for docbook-to-man
configure:15165: result: no
configure:15247: checking size of void *
configure:15253: gcc -o conftest -g -O2   conftest.c  >&5
configure:15253: $? = 0
configure:15253: ./conftest
configure:15253: $? = 0
configure:15268: result: 8
configure:15296: checking for shared library name prefix
configure:15304: result: lib
configure:15421: checking that generated files are newer than configure
configure:15427: result: done
configure:15491: creating ./config.status

## ---------------------- ##
## Running config.status. ##
## ---------------------- ##

This file was extended by expat config.status 2.5.0, which was
generated by GNU Autoconf 2.71.  Invocation command line was

  CONFIG_FILES    = 
  CONFIG_HEADERS  = 
  CONFIG_LINKS    = 
  CONFIG_COMMANDS = 
  $ ./config.status 

on mapxu

config.status:1236: creating Makefile
config.status:1236: creating expat.pc
config.status:1236: creating cmake/expat-config.cmake
config.status:1236: creating cmake/autotools/expat-config-version.cmake
config.status:1236: creating cmake/autotools/expat-noconfig.cmake
config.status:1236: creating doc/Makefile
config.status:1236: creating examples/Makefile
config.status:1236: creating lib/Makefile
config.status:1236: creating tests/Makefile
config.status:1236: creating tests/benchmark/Makefile
config.status:1236: creating xmlwf/Makefile
config.status:1236: creating run.sh
config.status:1236: creating expat_config.h
config.status:1422: expat_config.h is unchanged
config.status:1470: executing depfiles commands
config.status:1547: cd examples       && sed -e '/# am--include-marker/d' Makefile         | make -f - am--depfiles
make: Nothing to be done for 'am--depfiles'.
config.status:1552: $? = 0
config.status:1547: cd lib       && sed -e '/# am--include-marker/d' Makefile         | make -f - am--depfiles
make: Nothing to be done for 'am--depfiles'.
config.status:1552: $? = 0
config.status:1547: cd tests       && sed -e '/# am--include-marker/d' Makefile         | make -f - am--depfiles
make: Nothing to be done for 'am--depfiles'.
config.status:1552: $? = 0
config.status:1547: cd tests/benchmark       && sed -e '/# am--include-marker/d' Makefile         | make -f - am--depfiles
make: Nothing to be done for 'am--depfiles'.
config.status:1552: $? = 0
config.status:1547: cd xmlwf       && sed -e '/# am--include-marker/d' Makefile         | make -f - am--depfiles
make: Nothing to be done for 'am--depfiles'.
config.status:1552: $? = 0
config.status:1470: executing libtool commands
configure:17958: WARNING: unrecognized options: --enable-user-session, --disable-doxygen-docs, --disable-xml-docs, --with-systemduserunitdir, --with-systemdsystemunitdir, --with-system-socket
configure:17964:

Automake flags (can be overridden by user flags):
  AM_CPPFLAGS: -DXML_ENABLE_VISIBILITY=1
    AM_CFLAGS: -Wall -Wextra -fexceptions -fno-strict-aliasing -Wmissing-prototypes -Wstrict-prototypes -pedantic -Wduplicated-cond -Wduplicated-branches -Wlogical-op -Wrestrict -Wnull-dereference -Wjump-misses-init -Wdouble-promotion -Wshadow -Wformat=2 -Wno-pedantic-ms-format -Wmisleading-indentation -fvisibility=hidden
  AM_CXXFLAGS: -Wall -Wextra -fexceptions -fno-strict-aliasing
   AM_LDFLAGS: -fno-strict-aliasing

User flags (override Automake flags on conflict):
     CPPFLAGS: 
       CFLAGS: -g -O2
     CXXFLAGS: -g -O2
      LDFLAGS: 

## ---------------- ##
## Cache variables. ##
## ---------------- ##

ac_cv_build=x86_64-pc-linux-gnu
ac_cv_c_bigendian=no
ac_cv_c_compiler_gnu=yes
ac_cv_c_const=yes
ac_cv_cxx_compiler_gnu=yes
ac_cv_env_CCC_set=
ac_cv_env_CCC_value=
ac_cv_env_CC_set=
ac_cv_env_CC_value=
ac_cv_env_CFLAGS_set=
ac_cv_env_CFLAGS_value=
ac_cv_env_CPPFLAGS_set=
ac_cv_env_CPPFLAGS_value=
ac_cv_env_CXXCPP_set=
ac_cv_env_CXXCPP_value=
ac_cv_env_CXXFLAGS_set=
ac_cv_env_CXXFLAGS_value=
ac_cv_env_CXX_set=
ac_cv_env_CXX_value=
ac_cv_env_DOCBOOK_TO_MAN_set=
ac_cv_env_DOCBOOK_TO_MAN_value=
ac_cv_env_LDFLAGS_set=
ac_cv_env_LDFLAGS_value=
ac_cv_env_LIBS_set=
ac_cv_env_LIBS_value=
ac_cv_env_LT_SYS_LIBRARY_PATH_set=
ac_cv_env_LT_SYS_LIBRARY_PATH_value=
ac_cv_env_build_alias_set=
ac_cv_env_build_alias_value=
ac_cv_env_host_alias_set=
ac_cv_env_host_alias_value=
ac_cv_env_target_alias_set=
ac_cv_env_target_alias_value=
ac_cv_func_getpagesize=yes
ac_cv_func_mmap_fixed_mapped=yes
ac_cv_header_dlfcn_h=yes
ac_cv_header_fcntl_h=yes
ac_cv_header_inttypes_h=yes
ac_cv_header_stdint_h=yes
ac_cv_header_stdio_h=yes
ac_cv_header_stdlib_h=yes
ac_cv_header_string_h=yes
ac_cv_header_strings_h=yes
ac_cv_header_sys_param_h=yes
ac_cv_header_sys_stat_h=yes
ac_cv_header_sys_types_h=yes
ac_cv_header_unistd_h=yes
ac_cv_host=x86_64-pc-linux-gnu
ac_cv_lib_m_cos=yes
ac_cv_objext=o
ac_cv_path_EGREP='/usr/bin/grep -E'
ac_cv_path_FGREP='/usr/bin/grep -F'
ac_cv_path_GREP=/usr/bin/grep
ac_cv_path_SED=/usr/bin/sed
ac_cv_path_install='/usr/bin/install -c'
ac_cv_path_lt_DD=/usr/bin/dd
ac_cv_path_mkdir=/usr/bin/mkdir
ac_cv_prog_AWK=gawk
ac_cv_prog_CXXCPP='g++ -E'
ac_cv_prog_ac_ct_AR=ar
ac_cv_prog_ac_ct_CC=gcc
ac_cv_prog_ac_ct_CXX=g++
ac_cv_prog_ac_ct_FILECMD=file
ac_cv_prog_ac_ct_MANIFEST_TOOL=mt
ac_cv_prog_ac_ct_OBJDUMP=objdump
ac_cv_prog_ac_ct_RANLIB=ranlib
ac_cv_prog_ac_ct_STRIP=strip
ac_cv_prog_cc_c11=
ac_cv_prog_cc_g=yes
ac_cv_prog_cc_stdc=
ac_cv_prog_cxx_11=no
ac_cv_prog_cxx_cxx11=
ac_cv_prog_cxx_g=yes
ac_cv_prog_cxx_stdcxx=
ac_cv_prog_make_make_set=yes
ac_cv_sizeof_void_p=8
ac_cv_type_off_t=yes
ac_cv_type_size_t=yes
am_cv_CC_dependencies_compiler_type=gcc3
am_cv_CXX_dependencies_compiler_type=gcc3
am_cv_ar_interface=ar
am_cv_make_support_nested_variables=yes
am_cv_prog_cc_c_o=yes
ax_cv_check_cflags___Wall=yes
ax_cv_check_cflags___Wdouble_promotion=yes
ax_cv_check_cflags___Wduplicated_branches=yes
ax_cv_check_cflags___Wduplicated_cond=yes
ax_cv_check_cflags___Wextra=yes
ax_cv_check_cflags___Wformat_2=yes
ax_cv_check_cflags___Wjump_misses_init=yes
ax_cv_check_cflags___Wlogical_op=yes
ax_cv_check_cflags___Wmisleading_indentation=yes
ax_cv_check_cflags___Wmissing_prototypes=yes
ax_cv_check_cflags___Wno_pedantic_ms_format=yes
ax_cv_check_cflags___Wnull_dereference=yes
ax_cv_check_cflags___Wrestrict=yes
ax_cv_check_cflags___Wshadow=yes
ax_cv_check_cflags___Wstrict_prototypes=yes
ax_cv_check_cflags___fexceptions=yes
ax_cv_check_cflags___fno_strict_aliasing=yes
ax_cv_check_cflags___pedantic=yes
ax_cv_check_cxxflags___Wall=yes
ax_cv_check_cxxflags___Wextra=yes
ax_cv_check_cxxflags___fexceptions=yes
ax_cv_check_cxxflags___fno_strict_aliasing=yes
ax_cv_check_ldflags___fno_strict_aliasing=yes
expatcfg_cv_compiler_supports_visibility=yes
lt_cv_ar_at_file=@
lt_cv_archive_cmds_need_lc=no
lt_cv_deplibs_check_method=pass_all
lt_cv_file_magic_cmd='$MAGIC_CMD'
lt_cv_file_magic_test_file=
lt_cv_ld_reload_flag=-r
lt_cv_nm_interface='BSD nm'
lt_cv_objdir=.libs
lt_cv_path_LD=/usr/bin/ld
lt_cv_path_LDCXX='/usr/bin/ld -m elf_x86_64'
lt_cv_path_NM='/usr/bin/nm -B'
lt_cv_path_mainfest_tool=no
lt_cv_prog_compiler_c_o=yes
lt_cv_prog_compiler_c_o_CXX=yes
lt_cv_prog_compiler_pic='-fPIC -DPIC'
lt_cv_prog_compiler_pic_CXX='-fPIC -DPIC'
lt_cv_prog_compiler_pic_works=yes
lt_cv_prog_compiler_pic_works_CXX=yes
lt_cv_prog_compiler_rtti_exceptions=no
lt_cv_prog_compiler_static_works=yes
lt_cv_prog_compiler_static_works_CXX=yes
lt_cv_prog_gnu_ld=yes
lt_cv_prog_gnu_ldcxx=yes
lt_cv_sharedlib_from_linklib_cmd='printf %s\n'
lt_cv_shlibpath_overrides_runpath=yes
lt_cv_sys_global_symbol_pipe='/usr/bin/sed -n -e '\''s/^.*[	 ]\([ABCDGIRSTW][ABCDGIRSTW]*\)[	 ][	 ]*\([_A-Za-z][_A-Za-z0-9]*\)$/\1 \2 \2/p'\'' | /usr/bin/sed '\''/ __gnu_lto/d'\'''
lt_cv_sys_global_symbol_to_c_name_address='/usr/bin/sed -n -e '\''s/^: \(.*\) .*$/  {"\1", (void *) 0},/p'\'' -e '\''s/^[ABCDGIRSTW][ABCDGIRSTW]* .* \(.*\)$/  {"\1", (void *) \&\1},/p'\'''
lt_cv_sys_global_symbol_to_c_name_address_lib_prefix='/usr/bin/sed -n -e '\''s/^: \(.*\) .*$/  {"\1", (void *) 0},/p'\'' -e '\''s/^[ABCDGIRSTW][ABCDGIRSTW]* .* \(lib.*\)$/  {"\1", (void *) \&\1},/p'\'' -e '\''s/^[ABCDGIRSTW][ABCDGIRSTW]* .* \(.*\)$/  {"lib\1", (void *) \&\1},/p'\'''
lt_cv_sys_global_symbol_to_cdecl='/usr/bin/sed -n -e '\''s/^T .* \(.*\)$/extern int \1();/p'\'' -e '\''s/^[ABCDGIRSTW][ABCDGIRSTW]* .* \(.*\)$/extern char \1;/p'\'''
lt_cv_sys_global_symbol_to_import=
lt_cv_sys_max_cmd_len=1572864
lt_cv_to_host_file_cmd=func_convert_file_noop
lt_cv_to_tool_file_cmd=func_convert_file_noop
lt_cv_truncate_bin='/usr/bin/dd bs=4096 count=1'

## ----------------- ##
## Output variables. ##
## ----------------- ##

ACLOCAL='${SHELL} '\''/home/mapxu/ws/sandbox/rust-dbus/dbus-1.14.4/expat-2.5.0/conftools/missing'\'' aclocal-1.16'
AMDEPBACKSLASH='\'
AMDEP_FALSE='#'
AMDEP_TRUE=''
AMTAR='$${TAR-tar}'
AM_BACKSLASH='\'
AM_CFLAGS='-Wall -Wextra -fexceptions -fno-strict-aliasing -Wmissing-prototypes -Wstrict-prototypes -pedantic -Wduplicated-cond -Wduplicated-branches -Wlogical-op -Wrestrict -Wnull-dereference -Wjump-misses-init -Wdouble-promotion -Wshadow -Wformat=2 -Wno-pedantic-ms-format -Wmisleading-indentation -fvisibility=hidden'
AM_CPPFLAGS='-DXML_ENABLE_VISIBILITY=1'
AM_CXXFLAGS='-Wall -Wextra -fexceptions -fno-strict-aliasing'
AM_DEFAULT_V='$(AM_DEFAULT_VERBOSITY)'
AM_DEFAULT_VERBOSITY='1'
AM_LDFLAGS='-fno-strict-aliasing'
AM_V='$(V)'
AR='ar'
AS='as'
AUTOCONF='${SHELL} '\''/home/mapxu/ws/sandbox/rust-dbus/dbus-1.14.4/expat-2.5.0/conftools/missing'\'' autoconf'
AUTOHEADER='${SHELL} '\''/home/mapxu/ws/sandbox/rust-dbus/dbus-1.14.4/expat-2.5.0/conftools/missing'\'' autoheader'
AUTOMAKE='${SHELL} '\''/home/mapxu/ws/sandbox/rust-dbus/dbus-1.14.4/expat-2.5.0/conftools/missing'\'' automake-1.16'
AWK='gawk'
CC='gcc'
CCDEPMODE='depmode=gcc3'
CFLAGS='-g -O2'
CMAKE_SHARED_LIBRARY_PREFIX='lib'
CPPFLAGS=''
CSCOPE='cscope'
CTAGS='ctags'
CXX='g++'
CXXCPP='g++ -E'
CXXDEPMODE='depmode=gcc3'
CXXFLAGS='-g -O2'
CYGPATH_W='echo'
DEFS='-DHAVE_CONFIG_H'
DEPDIR='.deps'
DLLTOOL='false'
DOCBOOK_TO_MAN=''
DSYMUTIL=''
DUMPBIN=''
ECHO_C=''
ECHO_N='-n'
ECHO_T=''
EGREP='/usr/bin/grep -E'
ETAGS='etags'
EXEEXT=''
EXPAT_ATTR_INFO='OFF'
EXPAT_CHAR_TYPE='char'
EXPAT_CONTEXT_BYTES='1024'
EXPAT_DTD='ON'
EXPAT_LARGE_SIZE='OFF'
EXPAT_MIN_SIZE='OFF'
EXPAT_NS='ON'
FGREP='/usr/bin/grep -F'
FILECMD='file'
FILEMAP='unixfilemap'
GREP='/usr/bin/grep'
INSTALL_DATA='${INSTALL} -m 644'
INSTALL_PROGRAM='${INSTALL}'
INSTALL_SCRIPT='${INSTALL}'
INSTALL_STRIP_PROGRAM='$(install_sh) -c -s'
LD='/usr/bin/ld -m elf_x86_64'
LDFLAGS=''
LIBAGE='8'
LIBCURRENT='9'
LIBDIR_BASENAME='lib'
LIBM='-lm'
LIBOBJS=''
LIBREVISION='10'
LIBS=''
LIBTOOL='$(SHELL) $(top_builddir)/libtool'
LIPO=''
LN_S='ln -s'
LTLIBOBJS=''
LT_SYS_LIBRARY_PATH=''
MAKEINFO='${SHELL} '\''/home/mapxu/ws/sandbox/rust-dbus/dbus-1.14.4/expat-2.5.0/conftools/missing'\'' makeinfo'
MANIFEST_TOOL=':'
MINGW_FALSE=''
MINGW_TRUE='#'
MKDIR_P='/usr/bin/mkdir -p'
NM='/usr/bin/nm -B'
NMEDIT=''
OBJDUMP='objdump'
OBJEXT='o'
OTOOL64=''
OTOOL=''
PACKAGE='expat'
PACKAGE_BUGREPORT='expat-bugs@libexpat.org'
PACKAGE_NAME='expat'
PACKAGE_STRING='expat 2.5.0'
PACKAGE_TARNAME='expat'
PACKAGE_URL=''
PACKAGE_VERSION='2.5.0'
PATH_SEPARATOR=':'
RANLIB='ranlib'
SED='/usr/bin/sed'
SET_MAKE=''
SHELL='/bin/bash'
SO_MAJOR='1'
SO_MINOR='8'
SO_PATCH='10'
STRIP='strip'
UNICODE_FALSE=''
UNICODE_TRUE='#'
VERSION='2.5.0'
WITH_DOCBOOK_FALSE=''
WITH_DOCBOOK_TRUE='#'
WITH_EXAMPLES_FALSE='#'
WITH_EXAMPLES_TRUE=''
WITH_TESTS_FALSE='#'
WITH_TESTS_TRUE=''
WITH_XMLWF_FALSE='#'
WITH_XMLWF_TRUE=''
_INTERNAL_LARGE_SIZE_FALSE=''
_INTERNAL_LARGE_SIZE_TRUE='#'
_INTERNAL_MIN_SIZE_FALSE=''
_INTERNAL_MIN_SIZE_TRUE='#'
_INTERNAL_UNICODE_WCHAR_T_FALSE=''
_INTERNAL_UNICODE_WCHAR_T_TRUE='#'
ac_ct_AR='ar'
ac_ct_CC='gcc'
ac_ct_CXX='g++'
ac_ct_DUMPBIN=''
ac_cv_sizeof_void_p='8'
am__EXEEXT_FALSE=''
am__EXEEXT_TRUE='#'
am__fastdepCC_FALSE='#'
am__fastdepCC_TRUE=''
am__fastdepCXX_FALSE='#'
am__fastdepCXX_TRUE=''
am__include='include'
am__isrc=''
am__leading_dot='.'
am__nodep='_no'
am__quote=''
am__tar='$${TAR-tar} chof - "$$tardir"'
am__untar='$${TAR-tar} xf -'
bindir='${exec_prefix}/bin'
build='x86_64-pc-linux-gnu'
build_alias=''
build_cpu='x86_64'
build_os='linux-gnu'
build_vendor='pc'
datadir='${datarootdir}'
datarootdir='${prefix}/share'
docdir='/usr/share/doc/dbus-1.14.4'
dvidir='${docdir}'
exec_prefix='${prefix}'
host='x86_64-pc-linux-gnu'
host_alias=''
host_cpu='x86_64'
host_os='linux-gnu'
host_vendor='pc'
htmldir='${docdir}'
includedir='${prefix}/include'
infodir='${datarootdir}/info'
install_sh='${SHELL} /home/mapxu/ws/sandbox/rust-dbus/dbus-1.14.4/expat-2.5.0/conftools/install-sh'
libdir='${exec_prefix}/lib'
libexecdir='${exec_prefix}/libexec'
localedir='${datarootdir}/locale'
localstatedir='/var'
mandir='${datarootdir}/man'
mkdir_p='$(MKDIR_P)'
oldincludedir='/usr/include'
pdfdir='${docdir}'
prefix='/usr'
program_transform_name='s,x,x,'
psdir='${docdir}'
runstatedir='/run'
sbindir='${exec_prefix}/sbin'
sharedstatedir='${prefix}/com'
sysconfdir='/etc'
target_alias=''

## ------------------- ##
## File substitutions. ##
## ------------------- ##

PACKAGE_INIT='./cmake/autotools/expat-package-init.cmake'

## ----------- ##
## confdefs.h. ##
## ----------- ##

/* confdefs.h */
#define PACKAGE_NAME "expat"
#define PACKAGE_TARNAME "expat"
#define PACKAGE_VERSION "2.5.0"
#define PACKAGE_STRING "expat 2.5.0"
#define PACKAGE_BUGREPORT "expat-bugs@libexpat.org"
#define PACKAGE_URL ""
#define PACKAGE "expat"
#define VERSION "2.5.0"
#define HAVE_STDIO_H 1
#define HAVE_STDLIB_H 1
#define HAVE_STRING_H 1
#define HAVE_INTTYPES_H 1
#define HAVE_STDINT_H 1
#define HAVE_STRINGS_H 1
#define HAVE_SYS_STAT_H 1
#define HAVE_SYS_TYPES_H 1
#define HAVE_UNISTD_H 1
#define HAVE_SYS_PARAM_H 1
#define STDC_HEADERS 1
#define HAVE_DLFCN_H 1
#define LT_OBJDIR ".libs/"
#define BYTEORDER 1234
#define HAVE_GETRANDOM 1
#define HAVE_SYSCALL_GETRANDOM 1
#define HAVE_FCNTL_H 1
#define HAVE_UNISTD_H 1
#define HAVE_GETPAGESIZE 1
#define HAVE_MMAP 1
#define XML_NS 1
#define XML_DTD 1
#define XML_DEV_URANDOM 1
#define XML_CONTEXT_BYTES 1024
#define SIZEOF_VOID_P 8

configure: exit 0
